2025-07-05 01:11:53 [Debug] TestBase`1:PostRaw@37 -> {
  "email": "eve.holt@reqres.in"
}
2025-07-05 01:11:55 [Debug] TestBase`1:SetRawContextData@84 -> BadRequest
2025-07-05 01:11:55 [Debug] TestBase`1:SetRawContextData@85 -> {
  "Error": "Missing password"
}
2025-07-05 01:11:55 [Debug] TestBase`1:SetRawContextData@89 -> Full Request URL: https://reqres.in/api/register
2025-07-05 01:11:55 [Debug] TestBase`1:PostRaw@37 -> {
  "email": "eve.holt@reqres.in",
  "password": "pistol"
}
2025-07-05 01:11:57 [Debug] TestBase`1:SetRawContextData@84 -> OK
2025-07-05 01:11:57 [Debug] TestBase`1:SetRawContextData@85 -> {
  "Id": 4,
  "Token": "QpwL5tke4Pnpja7X4"
}
2025-07-05 01:11:57 [Debug] TestBase`1:SetRawContextData@89 -> Full Request URL: https://reqres.in/api/register
2025-07-05 01:11:58 [Debug] TestBase`1:SetContextData@66 -> OK
2025-07-05 01:11:58 [Debug] TestBase`1:SetContextData@67 -> {
  "Data": {
    "Id": 4,
    "Email": "eve.holt@reqres.in",
    "FirstName": "Eve",
    "LastName": "Holt",
    "Avatar": "https://reqres.in/img/faces/4-image.jpg"
  }
}
2025-07-05 01:11:58 [Debug] TestBase`1:SetContextData@71 -> Full Request URL: https://reqres.in/api/users/4
2025-07-05 16:43:21 [Debug] TestBase`1:PostRaw@37 -> {
  "email": "eve.holt@reqres.in"
}
2025-07-05 16:43:21 [Debug] TestBase`1:SetRawContextData@84 -> BadRequest
2025-07-05 16:43:21 [Debug] TestBase`1:SetRawContextData@85 -> {
  "Error": "Missing password"
}
2025-07-05 16:43:21 [Debug] TestBase`1:SetRawContextData@89 -> Full Request URL: https://reqres.in/api/register
2025-07-05 16:43:21 [Debug] TestBase`1:PostRaw@37 -> {
  "email": "eve.holt@reqres.in",
  "password": "pistol"
}
2025-07-05 16:43:22 [Debug] TestBase`1:SetRawContextData@84 -> OK
2025-07-05 16:43:22 [Debug] TestBase`1:SetRawContextData@85 -> {
  "Id": 4,
  "Token": "QpwL5tke4Pnpja7X4"
}
2025-07-05 16:43:22 [Debug] TestBase`1:SetRawContextData@89 -> Full Request URL: https://reqres.in/api/register
2025-07-05 16:43:22 [Debug] TestBase`1:SetContextData@66 -> OK
2025-07-05 16:43:22 [Debug] TestBase`1:SetContextData@67 -> {
  "Data": {
    "Id": 4,
    "Email": "eve.holt@reqres.in",
    "FirstName": "Eve",
    "LastName": "Holt",
    "Avatar": "https://reqres.in/img/faces/4-image.jpg"
  }
}
2025-07-05 16:43:22 [Debug] TestBase`1:SetContextData@71 -> Full Request URL: https://reqres.in/api/users/4
2025-07-05 16:55:40 [Debug] TestBase`1:SetContextData@66 -> OK
2025-07-05 16:55:40 [Debug] TestBase`1:SetContextData@67 -> null
2025-07-05 16:55:40 [Debug] TestBase`1:SetContextData@71 -> Full Request URL: https://reqres.in/api/users?page=2
2025-07-05 16:56:14 [Debug] TestBase`1:SetContextData@66 -> OK
2025-07-05 16:56:14 [Debug] TestBase`1:SetContextData@67 -> null
2025-07-05 16:56:14 [Debug] TestBase`1:SetContextData@71 -> Full Request URL: https://reqres.in/api/users?page=2
2025-07-05 16:58:52 [Debug] TestBase`1:SetContextData@66 -> OK
2025-07-05 16:58:52 [Debug] TestBase`1:SetContextData@67 -> null
2025-07-05 16:58:52 [Debug] TestBase`1:SetContextData@71 -> Full Request URL: https://reqres.in/api/users?page=2
2025-07-05 17:00:03 [Debug] TestBase`1:SetContextData@66 -> OK
2025-07-05 17:00:03 [Debug] TestBase`1:SetContextData@67 -> null
2025-07-05 17:00:03 [Debug] TestBase`1:SetContextData@71 -> Full Request URL: https://reqres.in/api/users?page=2
2025-07-05 17:11:38 [Debug] TestBase`1:SetContextData@66 -> OK
2025-07-05 17:11:39 [Debug] TestBase`1:SetContextData@67 -> null
2025-07-05 17:11:39 [Debug] TestBase`1:SetContextData@71 -> Full Request URL: https://reqres.in/api/users?page=2
2025-07-05 17:12:26 [Debug] TestBase`1:SetContextData@66 -> OK
2025-07-05 17:12:26 [Debug] TestBase`1:SetContextData@67 -> null
2025-07-05 17:12:26 [Debug] TestBase`1:SetContextData@71 -> Full Request URL: https://reqres.in/api/users?page=2
2025-07-05 17:13:10 [Debug] TestBase`1:SetContextData@66 -> OK
2025-07-05 17:13:10 [Debug] TestBase`1:SetContextData@67 -> null
2025-07-05 17:13:10 [Debug] TestBase`1:SetContextData@71 -> Full Request URL: https://reqres.in/api/users?page=2
2025-07-05 17:15:32 [Debug] TestBase`1:SetContextData@67 -> Raw response: {"page":2,"per_page":6,"total":12,"total_pages":2,"data":[{"id":7,"email":"michael.lawson@reqres.in","first_name":"Michael","last_name":"Lawson","avatar":"https://reqres.in/img/faces/7-image.jpg"},{"id":8,"email":"lindsay.ferguson@reqres.in","first_name":"Lindsay","last_name":"Ferguson","avatar":"https://reqres.in/img/faces/8-image.jpg"},{"id":9,"email":"tobias.funke@reqres.in","first_name":"Tobias","last_name":"Funke","avatar":"https://reqres.in/img/faces/9-image.jpg"},{"id":10,"email":"byron.fields@reqres.in","first_name":"Byron","last_name":"Fields","avatar":"https://reqres.in/img/faces/10-image.jpg"},{"id":11,"email":"george.edwards@reqres.in","first_name":"George","last_name":"Edwards","avatar":"https://reqres.in/img/faces/11-image.jpg"},{"id":12,"email":"rachel.howell@reqres.in","first_name":"Rachel","last_name":"Howell","avatar":"https://reqres.in/img/faces/12-image.jpg"}],"support":{"url":"https://contentcaddy.io?utm_source=reqres&utm_medium=json&utm_campaign=referral","text":"Tired of writing endless social media content? Let Content Caddy generate it for you."}}
2025-07-05 17:15:32 [Debug] TestBase`1:SetContextData@69 -> OK
2025-07-05 17:15:32 [Debug] TestBase`1:SetContextData@70 -> null
2025-07-05 17:15:32 [Debug] TestBase`1:SetContextData@74 -> Full Request URL: https://reqres.in/api/users?page=2
2025-07-05 17:17:12 [Debug] TestBase`1:SetContextData@70 -> Raw response: {"page":2,"per_page":6,"total":12,"total_pages":2,"data":[{"id":7,"email":"michael.lawson@reqres.in","first_name":"Michael","last_name":"Lawson","avatar":"https://reqres.in/img/faces/7-image.jpg"},{"id":8,"email":"lindsay.ferguson@reqres.in","first_name":"Lindsay","last_name":"Ferguson","avatar":"https://reqres.in/img/faces/8-image.jpg"},{"id":9,"email":"tobias.funke@reqres.in","first_name":"Tobias","last_name":"Funke","avatar":"https://reqres.in/img/faces/9-image.jpg"},{"id":10,"email":"byron.fields@reqres.in","first_name":"Byron","last_name":"Fields","avatar":"https://reqres.in/img/faces/10-image.jpg"},{"id":11,"email":"george.edwards@reqres.in","first_name":"George","last_name":"Edwards","avatar":"https://reqres.in/img/faces/11-image.jpg"},{"id":12,"email":"rachel.howell@reqres.in","first_name":"Rachel","last_name":"Howell","avatar":"https://reqres.in/img/faces/12-image.jpg"}],"support":{"url":"https://contentcaddy.io?utm_source=reqres&utm_medium=json&utm_campaign=referral","text":"Tired of writing endless social media content? Let Content Caddy generate it for you."}}
2025-07-05 17:17:12 [Debug] TestBase`1:SetContextData@72 -> OK
2025-07-05 17:17:12 [Debug] TestBase`1:SetContextData@73 -> null
2025-07-05 17:17:12 [Debug] TestBase`1:SetContextData@77 -> Full Request URL: https://reqres.in/api/users?page=2
2025-07-05 17:17:29 [Debug] TestBase`1:SetContextData@71 -> Raw response: {"page":2,"per_page":6,"total":12,"total_pages":2,"data":[{"id":7,"email":"michael.lawson@reqres.in","first_name":"Michael","last_name":"Lawson","avatar":"https://reqres.in/img/faces/7-image.jpg"},{"id":8,"email":"lindsay.ferguson@reqres.in","first_name":"Lindsay","last_name":"Ferguson","avatar":"https://reqres.in/img/faces/8-image.jpg"},{"id":9,"email":"tobias.funke@reqres.in","first_name":"Tobias","last_name":"Funke","avatar":"https://reqres.in/img/faces/9-image.jpg"},{"id":10,"email":"byron.fields@reqres.in","first_name":"Byron","last_name":"Fields","avatar":"https://reqres.in/img/faces/10-image.jpg"},{"id":11,"email":"george.edwards@reqres.in","first_name":"George","last_name":"Edwards","avatar":"https://reqres.in/img/faces/11-image.jpg"},{"id":12,"email":"rachel.howell@reqres.in","first_name":"Rachel","last_name":"Howell","avatar":"https://reqres.in/img/faces/12-image.jpg"}],"support":{"url":"https://contentcaddy.io?utm_source=reqres&utm_medium=json&utm_campaign=referral","text":"Tired of writing endless social media content? Let Content Caddy generate it for you."}}
2025-07-05 17:17:29 [Debug] TestBase`1:SetContextData@73 -> OK
2025-07-05 17:17:29 [Debug] TestBase`1:SetContextData@74 -> {
  "Page": 2,
  "PerPage": 6,
  "Total": 12,
  "TotalPages": 2,
  "Data": [
    {
      "Id": 7,
      "Email": "michael.lawson@reqres.in",
      "FirstName": "Michael",
      "LastName": "Lawson",
      "Avatar": "https://reqres.in/img/faces/7-image.jpg"
    },
    {
      "Id": 8,
      "Email": "lindsay.ferguson@reqres.in",
      "FirstName": "Lindsay",
      "LastName": "Ferguson",
      "Avatar": "https://reqres.in/img/faces/8-image.jpg"
    },
    {
      "Id": 9,
      "Email": "tobias.funke@reqres.in",
      "FirstName": "Tobias",
      "LastName": "Funke",
      "Avatar": "https://reqres.in/img/faces/9-image.jpg"
    },
    {
      "Id": 10,
      "Email": "byron.fields@reqres.in",
      "FirstName": "Byron",
      "LastName": "Fields",
      "Avatar": "https://reqres.in/img/faces/10-image.jpg"
    },
    {
      "Id": 11,
      "Email": "george.edwards@reqres.in",
      "FirstName": "George",
      "LastName": "Edwards",
      "Avatar": "https://reqres.in/img/faces/11-image.jpg"
    },
    {
      "Id": 12,
      "Email": "rachel.howell@reqres.in",
      "FirstName": "Rachel",
      "LastName": "Howell",
      "Avatar": "https://reqres.in/img/faces/12-image.jpg"
    }
  ]
}
2025-07-05 17:17:29 [Debug] TestBase`1:SetContextData@78 -> Full Request URL: https://reqres.in/api/users?page=2
2025-07-05 17:18:22 [Debug] TestBase`1:PostRaw@38 -> {
  "email": "eve.holt@reqres.in",
  "password": "pistol"
}
2025-07-05 17:18:22 [Debug] TestBase`1:SetRawContextData@91 -> OK
2025-07-05 17:18:22 [Debug] TestBase`1:SetRawContextData@92 -> {
  "Id": 4,
  "Token": "QpwL5tke4Pnpja7X4"
}
2025-07-05 17:18:22 [Debug] TestBase`1:SetRawContextData@96 -> Full Request URL: https://reqres.in/api/register
2025-07-05 17:18:22 [Debug] TestBase`1:SetContextData@71 -> Raw response: {"data":{"id":4,"email":"eve.holt@reqres.in","first_name":"Eve","last_name":"Holt","avatar":"https://reqres.in/img/faces/4-image.jpg"},"support":{"url":"https://contentcaddy.io?utm_source=reqres&utm_medium=json&utm_campaign=referral","text":"Tired of writing endless social media content? Let Content Caddy generate it for you."}}
2025-07-05 17:18:22 [Debug] TestBase`1:SetContextData@73 -> OK
2025-07-05 17:18:22 [Debug] TestBase`1:SetContextData@74 -> null
2025-07-05 17:18:22 [Debug] TestBase`1:SetContextData@78 -> Full Request URL: https://reqres.in/api/users/4
2025-07-05 17:20:24 [Debug] TestBase`1:SetContextData@71 -> Raw response: {"page":2,"per_page":6,"total":12,"total_pages":2,"data":[{"id":7,"email":"michael.lawson@reqres.in","first_name":"Michael","last_name":"Lawson","avatar":"https://reqres.in/img/faces/7-image.jpg"},{"id":8,"email":"lindsay.ferguson@reqres.in","first_name":"Lindsay","last_name":"Ferguson","avatar":"https://reqres.in/img/faces/8-image.jpg"},{"id":9,"email":"tobias.funke@reqres.in","first_name":"Tobias","last_name":"Funke","avatar":"https://reqres.in/img/faces/9-image.jpg"},{"id":10,"email":"byron.fields@reqres.in","first_name":"Byron","last_name":"Fields","avatar":"https://reqres.in/img/faces/10-image.jpg"},{"id":11,"email":"george.edwards@reqres.in","first_name":"George","last_name":"Edwards","avatar":"https://reqres.in/img/faces/11-image.jpg"},{"id":12,"email":"rachel.howell@reqres.in","first_name":"Rachel","last_name":"Howell","avatar":"https://reqres.in/img/faces/12-image.jpg"}],"support":{"url":"https://contentcaddy.io?utm_source=reqres&utm_medium=json&utm_campaign=referral","text":"Tired of writing endless social media content? Let Content Caddy generate it for you."}}
2025-07-05 17:20:24 [Debug] TestBase`1:SetContextData@73 -> OK
2025-07-05 17:20:24 [Debug] TestBase`1:SetContextData@74 -> null
2025-07-05 17:20:24 [Debug] TestBase`1:SetContextData@78 -> Full Request URL: https://reqres.in/api/users?page=2
2025-07-05 17:30:58 [Debug] TestBase`1:LogDebug@79 -> Raw response: {"page":2,"per_page":6,"total":12,"total_pages":2,"data":[{"id":7,"email":"michael.lawson@reqres.in","first_name":"Michael","last_name":"Lawson","avatar":"https://reqres.in/img/faces/7-image.jpg"},{"id":8,"email":"lindsay.ferguson@reqres.in","first_name":"Lindsay","last_name":"Ferguson","avatar":"https://reqres.in/img/faces/8-image.jpg"},{"id":9,"email":"tobias.funke@reqres.in","first_name":"Tobias","last_name":"Funke","avatar":"https://reqres.in/img/faces/9-image.jpg"},{"id":10,"email":"byron.fields@reqres.in","first_name":"Byron","last_name":"Fields","avatar":"https://reqres.in/img/faces/10-image.jpg"},{"id":11,"email":"george.edwards@reqres.in","first_name":"George","last_name":"Edwards","avatar":"https://reqres.in/img/faces/11-image.jpg"},{"id":12,"email":"rachel.howell@reqres.in","first_name":"Rachel","last_name":"Howell","avatar":"https://reqres.in/img/faces/12-image.jpg"}],"support":{"url":"https://contentcaddy.io?utm_source=reqres&utm_medium=json&utm_campaign=referral","text":"Tired of writing endless social media content? Let Content Caddy generate it for you."}}
2025-07-05 17:30:58 [Debug] TestBase`1:LogDebug@80 -> OK
2025-07-05 17:30:58 [Debug] TestBase`1:LogDebug@81 -> {
  "Page": 2
}
2025-07-05 17:30:58 [Debug] TestBase`1:LogDebug@84 -> Full Request URL: https://reqres.in/api/users?page=2
2025-07-05 17:31:25 [Debug] TestBase`1:LogDebug@79 -> Raw response: {"page":2,"per_page":6,"total":12,"total_pages":2,"data":[{"id":7,"email":"michael.lawson@reqres.in","first_name":"Michael","last_name":"Lawson","avatar":"https://reqres.in/img/faces/7-image.jpg"},{"id":8,"email":"lindsay.ferguson@reqres.in","first_name":"Lindsay","last_name":"Ferguson","avatar":"https://reqres.in/img/faces/8-image.jpg"},{"id":9,"email":"tobias.funke@reqres.in","first_name":"Tobias","last_name":"Funke","avatar":"https://reqres.in/img/faces/9-image.jpg"},{"id":10,"email":"byron.fields@reqres.in","first_name":"Byron","last_name":"Fields","avatar":"https://reqres.in/img/faces/10-image.jpg"},{"id":11,"email":"george.edwards@reqres.in","first_name":"George","last_name":"Edwards","avatar":"https://reqres.in/img/faces/11-image.jpg"},{"id":12,"email":"rachel.howell@reqres.in","first_name":"Rachel","last_name":"Howell","avatar":"https://reqres.in/img/faces/12-image.jpg"}],"support":{"url":"https://contentcaddy.io?utm_source=reqres&utm_medium=json&utm_campaign=referral","text":"Tired of writing endless social media content? Let Content Caddy generate it for you."}}
2025-07-05 17:31:25 [Debug] TestBase`1:LogDebug@80 -> OK
2025-07-05 17:31:25 [Debug] TestBase`1:LogDebug@81 -> {
  "Page": 2,
  "PerPage": 6,
  "Total": 12,
  "TotalPages": 2,
  "Data": [
    {
      "Id": 7,
      "Email": "michael.lawson@reqres.in",
      "FirstName": "Michael",
      "LastName": "Lawson",
      "Avatar": "https://reqres.in/img/faces/7-image.jpg"
    },
    {
      "Id": 8,
      "Email": "lindsay.ferguson@reqres.in",
      "FirstName": "Lindsay",
      "LastName": "Ferguson",
      "Avatar": "https://reqres.in/img/faces/8-image.jpg"
    },
    {
      "Id": 9,
      "Email": "tobias.funke@reqres.in",
      "FirstName": "Tobias",
      "LastName": "Funke",
      "Avatar": "https://reqres.in/img/faces/9-image.jpg"
    },
    {
      "Id": 10,
      "Email": "byron.fields@reqres.in",
      "FirstName": "Byron",
      "LastName": "Fields",
      "Avatar": "https://reqres.in/img/faces/10-image.jpg"
    },
    {
      "Id": 11,
      "Email": "george.edwards@reqres.in",
      "FirstName": "George",
      "LastName": "Edwards",
      "Avatar": "https://reqres.in/img/faces/11-image.jpg"
    },
    {
      "Id": 12,
      "Email": "rachel.howell@reqres.in",
      "FirstName": "Rachel",
      "LastName": "Howell",
      "Avatar": "https://reqres.in/img/faces/12-image.jpg"
    }
  ]
}
2025-07-05 17:31:25 [Debug] TestBase`1:LogDebug@84 -> Full Request URL: https://reqres.in/api/users?page=2
2025-07-05 17:31:51 [Debug] TestBase`1:PostRaw@48 -> {
  "email": "eve.holt@reqres.in",
  "password": "pistol"
}
2025-07-05 17:31:52 [Debug] TestBase`1:LogDebug@79 -> Raw response: {"id":4,"token":"QpwL5tke4Pnpja7X4"}
2025-07-05 17:31:52 [Debug] TestBase`1:LogDebug@80 -> OK
2025-07-05 17:31:52 [Debug] TestBase`1:LogDebug@81 -> {
  "ValueKind": 1
}
2025-07-05 17:31:52 [Debug] TestBase`1:LogDebug@84 -> Full Request URL: https://reqres.in/api/register
2025-07-05 17:33:39 [Debug] TestBase`1:Post@40 -> {
  "email": "eve.holt@reqres.in",
  "password": "pistol"
}
2025-07-05 17:33:39 [Debug] TestBase`1:LogDebug@79 -> Raw response: {"id":4,"token":"QpwL5tke4Pnpja7X4"}
2025-07-05 17:33:39 [Debug] TestBase`1:LogDebug@80 -> OK
2025-07-05 17:33:39 [Debug] TestBase`1:LogDebug@81 -> {
  "Id": 4,
  "Token": "QpwL5tke4Pnpja7X4"
}
2025-07-05 17:33:39 [Debug] TestBase`1:LogDebug@84 -> Full Request URL: https://reqres.in/api/register
2025-07-05 17:33:39 [Debug] TestBase`1:LogDebug@79 -> Raw response: {"data":{"id":4,"email":"eve.holt@reqres.in","first_name":"Eve","last_name":"Holt","avatar":"https://reqres.in/img/faces/4-image.jpg"},"support":{"url":"https://contentcaddy.io?utm_source=reqres&utm_medium=json&utm_campaign=referral","text":"Tired of writing endless social media content? Let Content Caddy generate it for you."}}
2025-07-05 17:33:39 [Debug] TestBase`1:LogDebug@80 -> OK
2025-07-05 17:33:39 [Debug] TestBase`1:LogDebug@81 -> {
  "Id": 0,
  "Email": null,
  "FirstName": null,
  "LastName": null,
  "Avatar": null
}
2025-07-05 17:33:39 [Debug] TestBase`1:LogDebug@84 -> Full Request URL: https://reqres.in/api/users/4
2025-07-05 17:38:40 [Debug] TestBase`1:PostRaw@48 -> {
  "email": "eve.holt@reqres.in",
  "password": "pistol"
}
2025-07-05 17:38:41 [Debug] TestBase`1:LogDebug@79 -> Raw response: {"id":4,"token":"QpwL5tke4Pnpja7X4"}
2025-07-05 17:38:41 [Debug] TestBase`1:LogDebug@80 -> OK
2025-07-05 17:38:41 [Debug] TestBase`1:LogDebug@81 -> {
  "Id": 4,
  "Token": "QpwL5tke4Pnpja7X4"
}
2025-07-05 17:38:41 [Debug] TestBase`1:LogDebug@84 -> Full Request URL: https://reqres.in/api/register
2025-07-05 17:38:41 [Debug] TestBase`1:LogDebug@79 -> Raw response: {"data":{"id":4,"email":"eve.holt@reqres.in","first_name":"Eve","last_name":"Holt","avatar":"https://reqres.in/img/faces/4-image.jpg"},"support":{"url":"https://contentcaddy.io?utm_source=reqres&utm_medium=json&utm_campaign=referral","text":"Tired of writing endless social media content? Let Content Caddy generate it for you."}}
2025-07-05 17:38:41 [Debug] TestBase`1:LogDebug@80 -> OK
2025-07-05 17:38:41 [Debug] TestBase`1:LogDebug@81 -> {
  "Id": 0,
  "Email": null,
  "FirstName": null,
  "LastName": null,
  "Avatar": null
}
2025-07-05 17:38:41 [Debug] TestBase`1:LogDebug@84 -> Full Request URL: https://reqres.in/api/users/4
2025-07-05 17:43:31 [Debug] TestBase`1:Post@40 -> {
  "email": "eve.holt@reqres.in",
  "password": "pistol"
}
2025-07-05 17:43:31 [Debug] TestBase`1:LogDebug@79 -> Raw response: {"id":4,"token":"QpwL5tke4Pnpja7X4"}
2025-07-05 17:43:31 [Debug] TestBase`1:LogDebug@80 -> OK
2025-07-05 17:43:31 [Debug] TestBase`1:LogDebug@81 -> {
  "Id": 4,
  "Token": "QpwL5tke4Pnpja7X4"
}
2025-07-05 17:43:31 [Debug] TestBase`1:LogDebug@84 -> Full Request URL: https://reqres.in/api/register
2025-07-05 17:43:31 [Debug] TestBase`1:LogDebug@79 -> Raw response: {"data":{"id":4,"email":"eve.holt@reqres.in","first_name":"Eve","last_name":"Holt","avatar":"https://reqres.in/img/faces/4-image.jpg"},"support":{"url":"https://contentcaddy.io?utm_source=reqres&utm_medium=json&utm_campaign=referral","text":"Tired of writing endless social media content? Let Content Caddy generate it for you."}}
2025-07-05 17:43:31 [Debug] TestBase`1:LogDebug@80 -> OK
2025-07-05 17:43:31 [Debug] TestBase`1:LogDebug@81 -> {
  "Data": {
    "Id": 4,
    "Email": "eve.holt@reqres.in",
    "FirstName": "Eve",
    "LastName": "Holt",
    "Avatar": "https://reqres.in/img/faces/4-image.jpg"
  }
}
2025-07-05 17:43:31 [Debug] TestBase`1:LogDebug@84 -> Full Request URL: https://reqres.in/api/users/4
2025-07-05 17:43:39 [Debug] TestBase`1:PostRaw@48 -> {
  "email": "eve.holt@reqres.in"
}
2025-07-05 17:43:40 [Debug] TestBase`1:LogDebug@79 -> Raw response: {"error":"Missing password"}
2025-07-05 17:43:40 [Debug] TestBase`1:LogDebug@80 -> BadRequest
2025-07-05 17:43:40 [Debug] TestBase`1:LogDebug@81 -> {
  "Id": 0,
  "Token": null
}
2025-07-05 17:43:40 [Debug] TestBase`1:LogDebug@84 -> Full Request URL: https://reqres.in/api/register
2025-07-05 17:44:13 [Debug] TestBase`1:Post@40 -> {
  "email": "eve.holt@reqres.in"
}
2025-07-05 17:44:13 [Debug] TestBase`1:LogDebug@79 -> Raw response: {"error":"Missing password"}
2025-07-05 17:44:13 [Debug] TestBase`1:LogDebug@80 -> BadRequest
2025-07-05 17:44:13 [Debug] TestBase`1:LogDebug@81 -> {
  "Id": 0,
  "Token": null
}
2025-07-05 17:44:13 [Debug] TestBase`1:LogDebug@84 -> Full Request URL: https://reqres.in/api/register
2025-07-05 17:47:07 [Debug] TestBase`1:Post@40 -> {
  "email": "eve.holt@reqres.in"
}
2025-07-05 17:47:07 [Debug] TestBase`1:LogDebug@79 -> Raw response: {"error":"Missing password"}
2025-07-05 17:47:07 [Debug] TestBase`1:LogDebug@80 -> BadRequest
2025-07-05 17:47:07 [Debug] TestBase`1:LogDebug@81 -> {
  "Error": "Missing password"
}
2025-07-05 17:47:07 [Debug] TestBase`1:LogDebug@84 -> Full Request URL: https://reqres.in/api/register
2025-07-05 17:47:22 [Debug] TestBase`1:Post@40 -> {
  "email": "eve.holt@reqres.in"
}
2025-07-05 17:47:22 [Debug] TestBase`1:LogDebug@79 -> Raw response: {"page":2,"per_page":6,"total":12,"total_pages":2,"data":[{"id":7,"email":"michael.lawson@reqres.in","first_name":"Michael","last_name":"Lawson","avatar":"https://reqres.in/img/faces/7-image.jpg"},{"id":8,"email":"lindsay.ferguson@reqres.in","first_name":"Lindsay","last_name":"Ferguson","avatar":"https://reqres.in/img/faces/8-image.jpg"},{"id":9,"email":"tobias.funke@reqres.in","first_name":"Tobias","last_name":"Funke","avatar":"https://reqres.in/img/faces/9-image.jpg"},{"id":10,"email":"byron.fields@reqres.in","first_name":"Byron","last_name":"Fields","avatar":"https://reqres.in/img/faces/10-image.jpg"},{"id":11,"email":"george.edwards@reqres.in","first_name":"George","last_name":"Edwards","avatar":"https://reqres.in/img/faces/11-image.jpg"},{"id":12,"email":"rachel.howell@reqres.in","first_name":"Rachel","last_name":"Howell","avatar":"https://reqres.in/img/faces/12-image.jpg"}],"support":{"url":"https://contentcaddy.io?utm_source=reqres&utm_medium=json&utm_campaign=referral","text":"Tired of writing endless social media content? Let Content Caddy generate it for you."}}
2025-07-05 17:47:22 [Debug] TestBase`1:LogDebug@80 -> OK
2025-07-05 17:47:22 [Debug] TestBase`1:LogDebug@81 -> {
  "Page": 2,
  "PerPage": 6,
  "Total": 12,
  "TotalPages": 2,
  "Data": [
    {
      "Id": 7,
      "Email": "michael.lawson@reqres.in",
      "FirstName": "Michael",
      "LastName": "Lawson",
      "Avatar": "https://reqres.in/img/faces/7-image.jpg"
    },
    {
      "Id": 8,
      "Email": "lindsay.ferguson@reqres.in",
      "FirstName": "Lindsay",
      "LastName": "Ferguson",
      "Avatar": "https://reqres.in/img/faces/8-image.jpg"
    },
    {
      "Id": 9,
      "Email": "tobias.funke@reqres.in",
      "FirstName": "Tobias",
      "LastName": "Funke",
      "Avatar": "https://reqres.in/img/faces/9-image.jpg"
    },
    {
      "Id": 10,
      "Email": "byron.fields@reqres.in",
      "FirstName": "Byron",
      "LastName": "Fields",
      "Avatar": "https://reqres.in/img/faces/10-image.jpg"
    },
    {
      "Id": 11,
      "Email": "george.edwards@reqres.in",
      "FirstName": "George",
      "LastName": "Edwards",
      "Avatar": "https://reqres.in/img/faces/11-image.jpg"
    },
    {
      "Id": 12,
      "Email": "rachel.howell@reqres.in",
      "FirstName": "Rachel",
      "LastName": "Howell",
      "Avatar": "https://reqres.in/img/faces/12-image.jpg"
    }
  ]
}
2025-07-05 17:47:22 [Debug] TestBase`1:LogDebug@84 -> Full Request URL: https://reqres.in/api/users?page=2
2025-07-05 17:47:22 [Debug] TestBase`1:LogDebug@79 -> Raw response: {"error":"Missing password"}
2025-07-05 17:47:22 [Debug] TestBase`1:LogDebug@80 -> BadRequest
2025-07-05 17:47:23 [Debug] TestBase`1:LogDebug@81 -> {
  "Error": "Missing password"
}
2025-07-05 17:47:23 [Debug] TestBase`1:LogDebug@84 -> Full Request URL: https://reqres.in/api/register
2025-07-05 17:47:23 [Debug] TestBase`1:Post@40 -> {
  "email": "eve.holt@reqres.in",
  "password": "pistol"
}
2025-07-05 17:47:23 [Debug] TestBase`1:LogDebug@79 -> Raw response: {"id":4,"token":"QpwL5tke4Pnpja7X4"}
2025-07-05 17:47:23 [Debug] TestBase`1:LogDebug@80 -> OK
2025-07-05 17:47:23 [Debug] TestBase`1:LogDebug@81 -> {
  "Id": 4,
  "Token": "QpwL5tke4Pnpja7X4"
}
2025-07-05 17:47:23 [Debug] TestBase`1:LogDebug@84 -> Full Request URL: https://reqres.in/api/register
2025-07-05 17:47:23 [Debug] TestBase`1:LogDebug@79 -> Raw response: {"data":{"id":4,"email":"eve.holt@reqres.in","first_name":"Eve","last_name":"Holt","avatar":"https://reqres.in/img/faces/4-image.jpg"},"support":{"url":"https://contentcaddy.io?utm_source=reqres&utm_medium=json&utm_campaign=referral","text":"Tired of writing endless social media content? Let Content Caddy generate it for you."}}
2025-07-05 17:47:23 [Debug] TestBase`1:LogDebug@80 -> OK
2025-07-05 17:47:23 [Debug] TestBase`1:LogDebug@81 -> {
  "Data": {
    "Id": 4,
    "Email": "eve.holt@reqres.in",
    "FirstName": "Eve",
    "LastName": "Holt",
    "Avatar": "https://reqres.in/img/faces/4-image.jpg"
  }
}
2025-07-05 17:47:23 [Debug] TestBase`1:LogDebug@84 -> Full Request URL: https://reqres.in/api/users/4
2025-07-05 17:48:44 [Debug] TestBase`1:Post@40 -> {
  "email": "eve.holt@reqres.in"
}
2025-07-05 17:48:44 [Debug] TestBase`1:LogDebug@79 -> Raw response: {"page":2,"per_page":6,"total":12,"total_pages":2,"data":[{"id":7,"email":"michael.lawson@reqres.in","first_name":"Michael","last_name":"Lawson","avatar":"https://reqres.in/img/faces/7-image.jpg"},{"id":8,"email":"lindsay.ferguson@reqres.in","first_name":"Lindsay","last_name":"Ferguson","avatar":"https://reqres.in/img/faces/8-image.jpg"},{"id":9,"email":"tobias.funke@reqres.in","first_name":"Tobias","last_name":"Funke","avatar":"https://reqres.in/img/faces/9-image.jpg"},{"id":10,"email":"byron.fields@reqres.in","first_name":"Byron","last_name":"Fields","avatar":"https://reqres.in/img/faces/10-image.jpg"},{"id":11,"email":"george.edwards@reqres.in","first_name":"George","last_name":"Edwards","avatar":"https://reqres.in/img/faces/11-image.jpg"},{"id":12,"email":"rachel.howell@reqres.in","first_name":"Rachel","last_name":"Howell","avatar":"https://reqres.in/img/faces/12-image.jpg"}],"support":{"url":"https://contentcaddy.io?utm_source=reqres&utm_medium=json&utm_campaign=referral","text":"Tired of writing endless social media content? Let Content Caddy generate it for you."}}
2025-07-05 17:48:44 [Debug] TestBase`1:LogDebug@80 -> OK
2025-07-05 17:48:44 [Debug] TestBase`1:LogDebug@81 -> {
  "Page": 2,
  "PerPage": 6,
  "Total": 12,
  "TotalPages": 2,
  "Data": [
    {
      "Id": 7,
      "Email": "michael.lawson@reqres.in",
      "FirstName": "Michael",
      "LastName": "Lawson",
      "Avatar": "https://reqres.in/img/faces/7-image.jpg"
    },
    {
      "Id": 8,
      "Email": "lindsay.ferguson@reqres.in",
      "FirstName": "Lindsay",
      "LastName": "Ferguson",
      "Avatar": "https://reqres.in/img/faces/8-image.jpg"
    },
    {
      "Id": 9,
      "Email": "tobias.funke@reqres.in",
      "FirstName": "Tobias",
      "LastName": "Funke",
      "Avatar": "https://reqres.in/img/faces/9-image.jpg"
    },
    {
      "Id": 10,
      "Email": "byron.fields@reqres.in",
      "FirstName": "Byron",
      "LastName": "Fields",
      "Avatar": "https://reqres.in/img/faces/10-image.jpg"
    },
    {
      "Id": 11,
      "Email": "george.edwards@reqres.in",
      "FirstName": "George",
      "LastName": "Edwards",
      "Avatar": "https://reqres.in/img/faces/11-image.jpg"
    },
    {
      "Id": 12,
      "Email": "rachel.howell@reqres.in",
      "FirstName": "Rachel",
      "LastName": "Howell",
      "Avatar": "https://reqres.in/img/faces/12-image.jpg"
    }
  ]
}
2025-07-05 17:48:44 [Debug] TestBase`1:LogDebug@84 -> Full Request URL: https://reqres.in/api/users?page=2
2025-07-05 17:48:44 [Debug] TestBase`1:LogDebug@79 -> Raw response: {"error":"Missing password"}
2025-07-05 17:48:44 [Debug] TestBase`1:LogDebug@80 -> BadRequest
2025-07-05 17:48:44 [Debug] TestBase`1:LogDebug@81 -> {
  "Error": "Missing password"
}
2025-07-05 17:48:44 [Debug] TestBase`1:LogDebug@84 -> Full Request URL: https://reqres.in/api/register
2025-07-05 17:48:44 [Debug] TestBase`1:Post@40 -> {
  "email": "eve.holt@reqres.in",
  "password": "pistol"
}
2025-07-05 17:48:44 [Debug] TestBase`1:LogDebug@79 -> Raw response: {"id":4,"token":"QpwL5tke4Pnpja7X4"}
2025-07-05 17:48:44 [Debug] TestBase`1:LogDebug@80 -> OK
2025-07-05 17:48:44 [Debug] TestBase`1:LogDebug@81 -> {
  "Id": 4,
  "Token": "QpwL5tke4Pnpja7X4"
}
2025-07-05 17:48:44 [Debug] TestBase`1:LogDebug@84 -> Full Request URL: https://reqres.in/api/register
2025-07-05 17:48:45 [Debug] TestBase`1:LogDebug@79 -> Raw response: {"data":{"id":4,"email":"eve.holt@reqres.in","first_name":"Eve","last_name":"Holt","avatar":"https://reqres.in/img/faces/4-image.jpg"},"support":{"url":"https://contentcaddy.io?utm_source=reqres&utm_medium=json&utm_campaign=referral","text":"Tired of writing endless social media content? Let Content Caddy generate it for you."}}
2025-07-05 17:48:45 [Debug] TestBase`1:LogDebug@80 -> OK
2025-07-05 17:48:45 [Debug] TestBase`1:LogDebug@81 -> {
  "Data": {
    "Id": 4,
    "Email": "eve.holt@reqres.in",
    "FirstName": "Eve",
    "LastName": "Holt",
    "Avatar": "https://reqres.in/img/faces/4-image.jpg"
  }
}
2025-07-05 17:48:45 [Debug] TestBase`1:LogDebug@84 -> Full Request URL: https://reqres.in/api/users/4
2025-07-05 17:50:11 [Debug] TestBase`1:LogDebug@79 -> Raw response: {"page":2,"per_page":6,"total":12,"total_pages":2,"data":[{"id":7,"email":"michael.lawson@reqres.in","first_name":"Michael","last_name":"Lawson","avatar":"https://reqres.in/img/faces/7-image.jpg"},{"id":8,"email":"lindsay.ferguson@reqres.in","first_name":"Lindsay","last_name":"Ferguson","avatar":"https://reqres.in/img/faces/8-image.jpg"},{"id":9,"email":"tobias.funke@reqres.in","first_name":"Tobias","last_name":"Funke","avatar":"https://reqres.in/img/faces/9-image.jpg"},{"id":10,"email":"byron.fields@reqres.in","first_name":"Byron","last_name":"Fields","avatar":"https://reqres.in/img/faces/10-image.jpg"},{"id":11,"email":"george.edwards@reqres.in","first_name":"George","last_name":"Edwards","avatar":"https://reqres.in/img/faces/11-image.jpg"},{"id":12,"email":"rachel.howell@reqres.in","first_name":"Rachel","last_name":"Howell","avatar":"https://reqres.in/img/faces/12-image.jpg"}],"support":{"url":"https://contentcaddy.io?utm_source=reqres&utm_medium=json&utm_campaign=referral","text":"Tired of writing endless social media content? Let Content Caddy generate it for you."}}
2025-07-05 17:50:11 [Debug] TestBase`1:LogDebug@80 -> OK
2025-07-05 17:50:11 [Debug] TestBase`1:LogDebug@81 -> {
  "Page": 2,
  "PerPage": 6,
  "Total": 12,
  "TotalPages": 2,
  "Data": [
    {
      "Id": 7,
      "Email": "michael.lawson@reqres.in",
      "FirstName": "Michael",
      "LastName": "Lawson",
      "Avatar": "https://reqres.in/img/faces/7-image.jpg"
    },
    {
      "Id": 8,
      "Email": "lindsay.ferguson@reqres.in",
      "FirstName": "Lindsay",
      "LastName": "Ferguson",
      "Avatar": "https://reqres.in/img/faces/8-image.jpg"
    },
    {
      "Id": 9,
      "Email": "tobias.funke@reqres.in",
      "FirstName": "Tobias",
      "LastName": "Funke",
      "Avatar": "https://reqres.in/img/faces/9-image.jpg"
    },
    {
      "Id": 10,
      "Email": "byron.fields@reqres.in",
      "FirstName": "Byron",
      "LastName": "Fields",
      "Avatar": "https://reqres.in/img/faces/10-image.jpg"
    },
    {
      "Id": 11,
      "Email": "george.edwards@reqres.in",
      "FirstName": "George",
      "LastName": "Edwards",
      "Avatar": "https://reqres.in/img/faces/11-image.jpg"
    },
    {
      "Id": 12,
      "Email": "rachel.howell@reqres.in",
      "FirstName": "Rachel",
      "LastName": "Howell",
      "Avatar": "https://reqres.in/img/faces/12-image.jpg"
    }
  ]
}
2025-07-05 17:50:11 [Debug] TestBase`1:LogDebug@84 -> Full Request URL: https://reqres.in/api/users?page=2
2025-07-05 17:50:57 [Debug] TestBase`1:LogDebug@79 -> Raw response: {"page":2,"per_page":6,"total":12,"total_pages":2,"data":[{"id":7,"email":"michael.lawson@reqres.in","first_name":"Michael","last_name":"Lawson","avatar":"https://reqres.in/img/faces/7-image.jpg"},{"id":8,"email":"lindsay.ferguson@reqres.in","first_name":"Lindsay","last_name":"Ferguson","avatar":"https://reqres.in/img/faces/8-image.jpg"},{"id":9,"email":"tobias.funke@reqres.in","first_name":"Tobias","last_name":"Funke","avatar":"https://reqres.in/img/faces/9-image.jpg"},{"id":10,"email":"byron.fields@reqres.in","first_name":"Byron","last_name":"Fields","avatar":"https://reqres.in/img/faces/10-image.jpg"},{"id":11,"email":"george.edwards@reqres.in","first_name":"George","last_name":"Edwards","avatar":"https://reqres.in/img/faces/11-image.jpg"},{"id":12,"email":"rachel.howell@reqres.in","first_name":"Rachel","last_name":"Howell","avatar":"https://reqres.in/img/faces/12-image.jpg"}],"support":{"url":"https://contentcaddy.io?utm_source=reqres&utm_medium=json&utm_campaign=referral","text":"Tired of writing endless social media content? Let Content Caddy generate it for you."}}
2025-07-05 17:50:57 [Debug] TestBase`1:LogDebug@80 -> OK
2025-07-05 17:50:57 [Debug] TestBase`1:LogDebug@81 -> {
  "Page": 2,
  "PerPage": 6,
  "Total": 12,
  "TotalPages": 2,
  "Data": [
    {
      "Id": 7,
      "Email": "michael.lawson@reqres.in",
      "FirstName": "Michael",
      "LastName": "Lawson",
      "Avatar": "https://reqres.in/img/faces/7-image.jpg"
    },
    {
      "Id": 8,
      "Email": "lindsay.ferguson@reqres.in",
      "FirstName": "Lindsay",
      "LastName": "Ferguson",
      "Avatar": "https://reqres.in/img/faces/8-image.jpg"
    },
    {
      "Id": 9,
      "Email": "tobias.funke@reqres.in",
      "FirstName": "Tobias",
      "LastName": "Funke",
      "Avatar": "https://reqres.in/img/faces/9-image.jpg"
    },
    {
      "Id": 10,
      "Email": "byron.fields@reqres.in",
      "FirstName": "Byron",
      "LastName": "Fields",
      "Avatar": "https://reqres.in/img/faces/10-image.jpg"
    },
    {
      "Id": 11,
      "Email": "george.edwards@reqres.in",
      "FirstName": "George",
      "LastName": "Edwards",
      "Avatar": "https://reqres.in/img/faces/11-image.jpg"
    },
    {
      "Id": 12,
      "Email": "rachel.howell@reqres.in",
      "FirstName": "Rachel",
      "LastName": "Howell",
      "Avatar": "https://reqres.in/img/faces/12-image.jpg"
    }
  ]
}
2025-07-05 17:50:57 [Debug] TestBase`1:LogDebug@84 -> Full Request URL: https://reqres.in/api/users?page=2
2025-07-05 17:51:35 [Debug] TestBase`1:LogDebug@79 -> Raw response: {"page":2,"per_page":6,"total":12,"total_pages":2,"data":[{"id":7,"email":"michael.lawson@reqres.in","first_name":"Michael","last_name":"Lawson","avatar":"https://reqres.in/img/faces/7-image.jpg"},{"id":8,"email":"lindsay.ferguson@reqres.in","first_name":"Lindsay","last_name":"Ferguson","avatar":"https://reqres.in/img/faces/8-image.jpg"},{"id":9,"email":"tobias.funke@reqres.in","first_name":"Tobias","last_name":"Funke","avatar":"https://reqres.in/img/faces/9-image.jpg"},{"id":10,"email":"byron.fields@reqres.in","first_name":"Byron","last_name":"Fields","avatar":"https://reqres.in/img/faces/10-image.jpg"},{"id":11,"email":"george.edwards@reqres.in","first_name":"George","last_name":"Edwards","avatar":"https://reqres.in/img/faces/11-image.jpg"},{"id":12,"email":"rachel.howell@reqres.in","first_name":"Rachel","last_name":"Howell","avatar":"https://reqres.in/img/faces/12-image.jpg"}],"support":{"url":"https://contentcaddy.io?utm_source=reqres&utm_medium=json&utm_campaign=referral","text":"Tired of writing endless social media content? Let Content Caddy generate it for you."}}
2025-07-05 17:51:35 [Debug] TestBase`1:LogDebug@80 -> OK
2025-07-05 17:51:35 [Debug] TestBase`1:LogDebug@81 -> {
  "Page": 2,
  "Total": 12,
  "Data": [
    {
      "Id": 7,
      "Email": "michael.lawson@reqres.in",
      "FirstName": "Michael",
      "LastName": "Lawson",
      "Avatar": "https://reqres.in/img/faces/7-image.jpg"
    },
    {
      "Id": 8,
      "Email": "lindsay.ferguson@reqres.in",
      "FirstName": "Lindsay",
      "LastName": "Ferguson",
      "Avatar": "https://reqres.in/img/faces/8-image.jpg"
    },
    {
      "Id": 9,
      "Email": "tobias.funke@reqres.in",
      "FirstName": "Tobias",
      "LastName": "Funke",
      "Avatar": "https://reqres.in/img/faces/9-image.jpg"
    },
    {
      "Id": 10,
      "Email": "byron.fields@reqres.in",
      "FirstName": "Byron",
      "LastName": "Fields",
      "Avatar": "https://reqres.in/img/faces/10-image.jpg"
    },
    {
      "Id": 11,
      "Email": "george.edwards@reqres.in",
      "FirstName": "George",
      "LastName": "Edwards",
      "Avatar": "https://reqres.in/img/faces/11-image.jpg"
    },
    {
      "Id": 12,
      "Email": "rachel.howell@reqres.in",
      "FirstName": "Rachel",
      "LastName": "Howell",
      "Avatar": "https://reqres.in/img/faces/12-image.jpg"
    }
  ]
}
2025-07-05 17:51:35 [Debug] TestBase`1:LogDebug@84 -> Full Request URL: https://reqres.in/api/users?page=2
2025-07-05 17:52:24 [Debug] TestBase`1:Post@40 -> {
  "email": "eve.holt@reqres.in"
}
2025-07-05 17:52:24 [Debug] TestBase`1:LogDebug@79 -> Raw response: {"page":2,"per_page":6,"total":12,"total_pages":2,"data":[{"id":7,"email":"michael.lawson@reqres.in","first_name":"Michael","last_name":"Lawson","avatar":"https://reqres.in/img/faces/7-image.jpg"},{"id":8,"email":"lindsay.ferguson@reqres.in","first_name":"Lindsay","last_name":"Ferguson","avatar":"https://reqres.in/img/faces/8-image.jpg"},{"id":9,"email":"tobias.funke@reqres.in","first_name":"Tobias","last_name":"Funke","avatar":"https://reqres.in/img/faces/9-image.jpg"},{"id":10,"email":"byron.fields@reqres.in","first_name":"Byron","last_name":"Fields","avatar":"https://reqres.in/img/faces/10-image.jpg"},{"id":11,"email":"george.edwards@reqres.in","first_name":"George","last_name":"Edwards","avatar":"https://reqres.in/img/faces/11-image.jpg"},{"id":12,"email":"rachel.howell@reqres.in","first_name":"Rachel","last_name":"Howell","avatar":"https://reqres.in/img/faces/12-image.jpg"}],"support":{"url":"https://contentcaddy.io?utm_source=reqres&utm_medium=json&utm_campaign=referral","text":"Tired of writing endless social media content? Let Content Caddy generate it for you."}}
2025-07-05 17:52:24 [Debug] TestBase`1:LogDebug@80 -> OK
2025-07-05 17:52:24 [Debug] TestBase`1:LogDebug@81 -> {
  "Page": 2,
  "Total": 12,
  "Data": [
    {
      "Id": 7,
      "Email": "michael.lawson@reqres.in",
      "FirstName": "Michael",
      "LastName": "Lawson",
      "Avatar": "https://reqres.in/img/faces/7-image.jpg"
    },
    {
      "Id": 8,
      "Email": "lindsay.ferguson@reqres.in",
      "FirstName": "Lindsay",
      "LastName": "Ferguson",
      "Avatar": "https://reqres.in/img/faces/8-image.jpg"
    },
    {
      "Id": 9,
      "Email": "tobias.funke@reqres.in",
      "FirstName": "Tobias",
      "LastName": "Funke",
      "Avatar": "https://reqres.in/img/faces/9-image.jpg"
    },
    {
      "Id": 10,
      "Email": "byron.fields@reqres.in",
      "FirstName": "Byron",
      "LastName": "Fields",
      "Avatar": "https://reqres.in/img/faces/10-image.jpg"
    },
    {
      "Id": 11,
      "Email": "george.edwards@reqres.in",
      "FirstName": "George",
      "LastName": "Edwards",
      "Avatar": "https://reqres.in/img/faces/11-image.jpg"
    },
    {
      "Id": 12,
      "Email": "rachel.howell@reqres.in",
      "FirstName": "Rachel",
      "LastName": "Howell",
      "Avatar": "https://reqres.in/img/faces/12-image.jpg"
    }
  ]
}
2025-07-05 17:52:24 [Debug] TestBase`1:LogDebug@84 -> Full Request URL: https://reqres.in/api/users?page=2
2025-07-05 17:52:24 [Debug] TestBase`1:LogDebug@79 -> Raw response: {"error":"Missing password"}
2025-07-05 17:52:24 [Debug] TestBase`1:LogDebug@80 -> BadRequest
2025-07-05 17:52:24 [Debug] TestBase`1:LogDebug@81 -> {
  "Error": "Missing password"
}
2025-07-05 17:52:24 [Debug] TestBase`1:LogDebug@84 -> Full Request URL: https://reqres.in/api/register
2025-07-05 17:52:24 [Debug] TestBase`1:Post@40 -> {
  "email": "eve.holt@reqres.in",
  "password": "pistol"
}
2025-07-05 17:52:24 [Debug] TestBase`1:LogDebug@79 -> Raw response: {"id":4,"token":"QpwL5tke4Pnpja7X4"}
2025-07-05 17:52:24 [Debug] TestBase`1:LogDebug@80 -> OK
2025-07-05 17:52:24 [Debug] TestBase`1:LogDebug@81 -> {
  "Id": 4,
  "Token": "QpwL5tke4Pnpja7X4"
}
2025-07-05 17:52:24 [Debug] TestBase`1:LogDebug@84 -> Full Request URL: https://reqres.in/api/register
2025-07-05 17:52:25 [Debug] TestBase`1:LogDebug@79 -> Raw response: {"data":{"id":4,"email":"eve.holt@reqres.in","first_name":"Eve","last_name":"Holt","avatar":"https://reqres.in/img/faces/4-image.jpg"},"support":{"url":"https://contentcaddy.io?utm_source=reqres&utm_medium=json&utm_campaign=referral","text":"Tired of writing endless social media content? Let Content Caddy generate it for you."}}
2025-07-05 17:52:25 [Debug] TestBase`1:LogDebug@80 -> OK
2025-07-05 17:52:25 [Debug] TestBase`1:LogDebug@81 -> {
  "Data": {
    "Id": 4,
    "Email": "eve.holt@reqres.in",
    "FirstName": "Eve",
    "LastName": "Holt",
    "Avatar": "https://reqres.in/img/faces/4-image.jpg"
  }
}
2025-07-05 17:52:25 [Debug] TestBase`1:LogDebug@84 -> Full Request URL: https://reqres.in/api/users/4
2025-07-05 17:59:23 [Debug] TestBase`1:LogDebug@79 -> Raw response: {}
2025-07-05 17:59:23 [Debug] TestBase`1:LogDebug@80 -> NotFound
2025-07-05 17:59:23 [Debug] TestBase`1:LogDebug@81 -> {
  "ValueKind": 1
}
2025-07-05 17:59:23 [Debug] TestBase`1:LogDebug@84 -> Full Request URL: https://reqres.in/api/users/23
2025-07-05 17:59:55 [Debug] TestBase`1:LogDebug@79 -> Raw response: {"page":2,"per_page":6,"total":12,"total_pages":2,"data":[{"id":7,"email":"michael.lawson@reqres.in","first_name":"Michael","last_name":"Lawson","avatar":"https://reqres.in/img/faces/7-image.jpg"},{"id":8,"email":"lindsay.ferguson@reqres.in","first_name":"Lindsay","last_name":"Ferguson","avatar":"https://reqres.in/img/faces/8-image.jpg"},{"id":9,"email":"tobias.funke@reqres.in","first_name":"Tobias","last_name":"Funke","avatar":"https://reqres.in/img/faces/9-image.jpg"},{"id":10,"email":"byron.fields@reqres.in","first_name":"Byron","last_name":"Fields","avatar":"https://reqres.in/img/faces/10-image.jpg"},{"id":11,"email":"george.edwards@reqres.in","first_name":"George","last_name":"Edwards","avatar":"https://reqres.in/img/faces/11-image.jpg"},{"id":12,"email":"rachel.howell@reqres.in","first_name":"Rachel","last_name":"Howell","avatar":"https://reqres.in/img/faces/12-image.jpg"}],"support":{"url":"https://contentcaddy.io?utm_source=reqres&utm_medium=json&utm_campaign=referral","text":"Tired of writing endless social media content? Let Content Caddy generate it for you."}}
2025-07-05 17:59:55 [Debug] TestBase`1:LogDebug@80 -> OK
2025-07-05 17:59:55 [Debug] TestBase`1:LogDebug@81 -> {
  "Page": 2,
  "Total": 12,
  "Data": [
    {
      "Id": 7,
      "Email": "michael.lawson@reqres.in",
      "FirstName": "Michael",
      "LastName": "Lawson",
      "Avatar": "https://reqres.in/img/faces/7-image.jpg"
    },
    {
      "Id": 8,
      "Email": "lindsay.ferguson@reqres.in",
      "FirstName": "Lindsay",
      "LastName": "Ferguson",
      "Avatar": "https://reqres.in/img/faces/8-image.jpg"
    },
    {
      "Id": 9,
      "Email": "tobias.funke@reqres.in",
      "FirstName": "Tobias",
      "LastName": "Funke",
      "Avatar": "https://reqres.in/img/faces/9-image.jpg"
    },
    {
      "Id": 10,
      "Email": "byron.fields@reqres.in",
      "FirstName": "Byron",
      "LastName": "Fields",
      "Avatar": "https://reqres.in/img/faces/10-image.jpg"
    },
    {
      "Id": 11,
      "Email": "george.edwards@reqres.in",
      "FirstName": "George",
      "LastName": "Edwards",
      "Avatar": "https://reqres.in/img/faces/11-image.jpg"
    },
    {
      "Id": 12,
      "Email": "rachel.howell@reqres.in",
      "FirstName": "Rachel",
      "LastName": "Howell",
      "Avatar": "https://reqres.in/img/faces/12-image.jpg"
    }
  ]
}
2025-07-05 17:59:55 [Debug] TestBase`1:LogDebug@84 -> Full Request URL: https://reqres.in/api/users?page=2
2025-07-05 17:59:56 [Debug] TestBase`1:LogDebug@79 -> Raw response: {}
2025-07-05 17:59:56 [Debug] TestBase`1:LogDebug@80 -> NotFound
2025-07-05 17:59:56 [Debug] TestBase`1:LogDebug@81 -> {
  "ValueKind": 1
}
2025-07-05 17:59:56 [Debug] TestBase`1:LogDebug@84 -> Full Request URL: https://reqres.in/api/users/23
2025-07-05 18:00:47 [Debug] TestBase`1:LogDebug@79 -> Raw response: {}
2025-07-05 18:00:47 [Debug] TestBase`1:LogDebug@80 -> NotFound
2025-07-05 18:00:47 [Debug] TestBase`1:LogDebug@81 -> {
  "ValueKind": 1
}
2025-07-05 18:00:47 [Debug] TestBase`1:LogDebug@84 -> Full Request URL: https://reqres.in/api/users/23
2025-07-05 18:15:04 [Debug] TestBase`1:Post@40 -> {
  "email": "eve.holt@reqres.in"
}
2025-07-05 18:15:04 [Debug] TestBase`1:LogDebug@79 -> Raw response: {"page":2,"per_page":6,"total":12,"total_pages":2,"data":[{"id":7,"email":"michael.lawson@reqres.in","first_name":"Michael","last_name":"Lawson","avatar":"https://reqres.in/img/faces/7-image.jpg"},{"id":8,"email":"lindsay.ferguson@reqres.in","first_name":"Lindsay","last_name":"Ferguson","avatar":"https://reqres.in/img/faces/8-image.jpg"},{"id":9,"email":"tobias.funke@reqres.in","first_name":"Tobias","last_name":"Funke","avatar":"https://reqres.in/img/faces/9-image.jpg"},{"id":10,"email":"byron.fields@reqres.in","first_name":"Byron","last_name":"Fields","avatar":"https://reqres.in/img/faces/10-image.jpg"},{"id":11,"email":"george.edwards@reqres.in","first_name":"George","last_name":"Edwards","avatar":"https://reqres.in/img/faces/11-image.jpg"},{"id":12,"email":"rachel.howell@reqres.in","first_name":"Rachel","last_name":"Howell","avatar":"https://reqres.in/img/faces/12-image.jpg"}],"support":{"url":"https://contentcaddy.io?utm_source=reqres&utm_medium=json&utm_campaign=referral","text":"Tired of writing endless social media content? Let Content Caddy generate it for you."}}
2025-07-05 18:15:04 [Debug] TestBase`1:LogDebug@80 -> OK
2025-07-05 18:15:04 [Debug] TestBase`1:LogDebug@81 -> {
  "Page": 2,
  "Total": 12,
  "Data": [
    {
      "Id": 7,
      "Email": "michael.lawson@reqres.in",
      "FirstName": "Michael",
      "LastName": "Lawson",
      "Avatar": "https://reqres.in/img/faces/7-image.jpg"
    },
    {
      "Id": 8,
      "Email": "lindsay.ferguson@reqres.in",
      "FirstName": "Lindsay",
      "LastName": "Ferguson",
      "Avatar": "https://reqres.in/img/faces/8-image.jpg"
    },
    {
      "Id": 9,
      "Email": "tobias.funke@reqres.in",
      "FirstName": "Tobias",
      "LastName": "Funke",
      "Avatar": "https://reqres.in/img/faces/9-image.jpg"
    },
    {
      "Id": 10,
      "Email": "byron.fields@reqres.in",
      "FirstName": "Byron",
      "LastName": "Fields",
      "Avatar": "https://reqres.in/img/faces/10-image.jpg"
    },
    {
      "Id": 11,
      "Email": "george.edwards@reqres.in",
      "FirstName": "George",
      "LastName": "Edwards",
      "Avatar": "https://reqres.in/img/faces/11-image.jpg"
    },
    {
      "Id": 12,
      "Email": "rachel.howell@reqres.in",
      "FirstName": "Rachel",
      "LastName": "Howell",
      "Avatar": "https://reqres.in/img/faces/12-image.jpg"
    }
  ]
}
2025-07-05 18:15:04 [Debug] TestBase`1:LogDebug@84 -> Full Request URL: https://reqres.in/api/users?page=2
2025-07-05 18:15:05 [Debug] TestBase`1:LogDebug@79 -> Raw response: {"error":"Missing password"}
2025-07-05 18:15:05 [Debug] TestBase`1:LogDebug@80 -> BadRequest
2025-07-05 18:15:05 [Debug] TestBase`1:LogDebug@81 -> {
  "Error": "Missing password"
}
2025-07-05 18:15:05 [Debug] TestBase`1:LogDebug@84 -> Full Request URL: https://reqres.in/api/register
2025-07-05 18:15:05 [Debug] TestBase`1:Post@40 -> {
  "email": "eve.holt@reqres.in",
  "password": "pistol"
}
2025-07-05 18:15:05 [Debug] TestBase`1:LogDebug@79 -> Raw response: {}
2025-07-05 18:15:05 [Debug] TestBase`1:LogDebug@80 -> NotFound
2025-07-05 18:15:05 [Debug] TestBase`1:LogDebug@81 -> {
  "ValueKind": 1
}
2025-07-05 18:15:05 [Debug] TestBase`1:LogDebug@84 -> Full Request URL: https://reqres.in/api/users/23
2025-07-05 18:15:05 [Debug] TestBase`1:LogDebug@79 -> Raw response: {"id":4,"token":"QpwL5tke4Pnpja7X4"}
2025-07-05 18:15:05 [Debug] TestBase`1:LogDebug@80 -> OK
2025-07-05 18:15:05 [Debug] TestBase`1:LogDebug@81 -> {
  "Id": 4,
  "Token": "QpwL5tke4Pnpja7X4"
}
2025-07-05 18:15:05 [Debug] TestBase`1:LogDebug@84 -> Full Request URL: https://reqres.in/api/register
2025-07-05 18:15:05 [Debug] TestBase`1:LogDebug@79 -> Raw response: {"data":{"id":4,"email":"eve.holt@reqres.in","first_name":"Eve","last_name":"Holt","avatar":"https://reqres.in/img/faces/4-image.jpg"},"support":{"url":"https://contentcaddy.io?utm_source=reqres&utm_medium=json&utm_campaign=referral","text":"Tired of writing endless social media content? Let Content Caddy generate it for you."}}
2025-07-05 18:15:05 [Debug] TestBase`1:LogDebug@80 -> OK
2025-07-05 18:15:05 [Debug] TestBase`1:LogDebug@81 -> {
  "Data": {
    "Id": 4,
    "Email": "eve.holt@reqres.in",
    "FirstName": "Eve",
    "LastName": "Holt",
    "Avatar": "https://reqres.in/img/faces/4-image.jpg"
  }
}
2025-07-05 18:15:05 [Debug] TestBase`1:LogDebug@84 -> Full Request URL: https://reqres.in/api/users/4
2025-07-05 18:27:33 [Debug] TestBase`1:Post@40 -> {
  "email": "eve.holt@reqres.in"
}
2025-07-05 18:27:33 [Debug] TestBase`1:LogDebug@79 -> Raw response: {"page":2,"per_page":6,"total":12,"total_pages":2,"data":[{"id":7,"email":"michael.lawson@reqres.in","first_name":"Michael","last_name":"Lawson","avatar":"https://reqres.in/img/faces/7-image.jpg"},{"id":8,"email":"lindsay.ferguson@reqres.in","first_name":"Lindsay","last_name":"Ferguson","avatar":"https://reqres.in/img/faces/8-image.jpg"},{"id":9,"email":"tobias.funke@reqres.in","first_name":"Tobias","last_name":"Funke","avatar":"https://reqres.in/img/faces/9-image.jpg"},{"id":10,"email":"byron.fields@reqres.in","first_name":"Byron","last_name":"Fields","avatar":"https://reqres.in/img/faces/10-image.jpg"},{"id":11,"email":"george.edwards@reqres.in","first_name":"George","last_name":"Edwards","avatar":"https://reqres.in/img/faces/11-image.jpg"},{"id":12,"email":"rachel.howell@reqres.in","first_name":"Rachel","last_name":"Howell","avatar":"https://reqres.in/img/faces/12-image.jpg"}],"support":{"url":"https://contentcaddy.io?utm_source=reqres&utm_medium=json&utm_campaign=referral","text":"Tired of writing endless social media content? Let Content Caddy generate it for you."}}
2025-07-05 18:27:33 [Debug] TestBase`1:LogDebug@80 -> OK
2025-07-05 18:27:33 [Debug] TestBase`1:LogDebug@81 -> {
  "Page": 2,
  "Total": 12,
  "Data": [
    {
      "Id": 7,
      "Email": "michael.lawson@reqres.in",
      "FirstName": "Michael",
      "LastName": "Lawson",
      "Avatar": "https://reqres.in/img/faces/7-image.jpg"
    },
    {
      "Id": 8,
      "Email": "lindsay.ferguson@reqres.in",
      "FirstName": "Lindsay",
      "LastName": "Ferguson",
      "Avatar": "https://reqres.in/img/faces/8-image.jpg"
    },
    {
      "Id": 9,
      "Email": "tobias.funke@reqres.in",
      "FirstName": "Tobias",
      "LastName": "Funke",
      "Avatar": "https://reqres.in/img/faces/9-image.jpg"
    },
    {
      "Id": 10,
      "Email": "byron.fields@reqres.in",
      "FirstName": "Byron",
      "LastName": "Fields",
      "Avatar": "https://reqres.in/img/faces/10-image.jpg"
    },
    {
      "Id": 11,
      "Email": "george.edwards@reqres.in",
      "FirstName": "George",
      "LastName": "Edwards",
      "Avatar": "https://reqres.in/img/faces/11-image.jpg"
    },
    {
      "Id": 12,
      "Email": "rachel.howell@reqres.in",
      "FirstName": "Rachel",
      "LastName": "Howell",
      "Avatar": "https://reqres.in/img/faces/12-image.jpg"
    }
  ]
}
2025-07-05 18:27:33 [Debug] TestBase`1:LogDebug@84 -> Full Request URL: https://reqres.in/api/users?page=2
2025-07-05 18:27:34 [Debug] TestBase`1:LogDebug@79 -> Raw response: {"error":"Missing password"}
2025-07-05 18:27:34 [Debug] TestBase`1:LogDebug@80 -> BadRequest
2025-07-05 18:27:34 [Debug] TestBase`1:LogDebug@81 -> {
  "Error": "Missing password"
}
2025-07-05 18:27:34 [Debug] TestBase`1:LogDebug@84 -> Full Request URL: https://reqres.in/api/register
2025-07-05 18:27:34 [Debug] TestBase`1:Post@40 -> {
  "email": "eve.holt@reqres.in",
  "password": "pistol"
}
2025-07-05 18:27:34 [Debug] TestBase`1:LogDebug@79 -> Raw response: {}
2025-07-05 18:27:34 [Debug] TestBase`1:LogDebug@80 -> NotFound
2025-07-05 18:27:34 [Debug] TestBase`1:LogDebug@81 -> {
  "ValueKind": 1
}
2025-07-05 18:27:34 [Debug] TestBase`1:LogDebug@84 -> Full Request URL: https://reqres.in/api/users/23
2025-07-05 18:27:34 [Debug] TestBase`1:LogDebug@79 -> Raw response: {"id":4,"token":"QpwL5tke4Pnpja7X4"}
2025-07-05 18:27:34 [Debug] TestBase`1:LogDebug@80 -> OK
2025-07-05 18:27:34 [Debug] TestBase`1:LogDebug@81 -> {
  "Id": 4,
  "Token": "QpwL5tke4Pnpja7X4"
}
2025-07-05 18:27:34 [Debug] TestBase`1:LogDebug@84 -> Full Request URL: https://reqres.in/api/register
2025-07-05 18:27:34 [Debug] TestBase`1:LogDebug@79 -> Raw response: {"data":{"id":4,"email":"eve.holt@reqres.in","first_name":"Eve","last_name":"Holt","avatar":"https://reqres.in/img/faces/4-image.jpg"},"support":{"url":"https://contentcaddy.io?utm_source=reqres&utm_medium=json&utm_campaign=referral","text":"Tired of writing endless social media content? Let Content Caddy generate it for you."}}
2025-07-05 18:27:34 [Debug] TestBase`1:LogDebug@80 -> OK
2025-07-05 18:27:34 [Debug] TestBase`1:LogDebug@81 -> {
  "Data": {
    "Id": 4,
    "Email": "eve.holt@reqres.in",
    "FirstName": "Eve",
    "LastName": "Holt",
    "Avatar": "https://reqres.in/img/faces/4-image.jpg"
  }
}
2025-07-05 18:27:34 [Debug] TestBase`1:LogDebug@84 -> Full Request URL: https://reqres.in/api/users/4
2025-07-05 18:28:23 [Debug] TestBase`1:Post@40 -> {
  "email": "eve.holt@reqres.in"
}
2025-07-05 18:28:23 [Debug] TestBase`1:LogDebug@79 -> Raw response: {"page":2,"per_page":6,"total":12,"total_pages":2,"data":[{"id":7,"email":"michael.lawson@reqres.in","first_name":"Michael","last_name":"Lawson","avatar":"https://reqres.in/img/faces/7-image.jpg"},{"id":8,"email":"lindsay.ferguson@reqres.in","first_name":"Lindsay","last_name":"Ferguson","avatar":"https://reqres.in/img/faces/8-image.jpg"},{"id":9,"email":"tobias.funke@reqres.in","first_name":"Tobias","last_name":"Funke","avatar":"https://reqres.in/img/faces/9-image.jpg"},{"id":10,"email":"byron.fields@reqres.in","first_name":"Byron","last_name":"Fields","avatar":"https://reqres.in/img/faces/10-image.jpg"},{"id":11,"email":"george.edwards@reqres.in","first_name":"George","last_name":"Edwards","avatar":"https://reqres.in/img/faces/11-image.jpg"},{"id":12,"email":"rachel.howell@reqres.in","first_name":"Rachel","last_name":"Howell","avatar":"https://reqres.in/img/faces/12-image.jpg"}],"support":{"url":"https://contentcaddy.io?utm_source=reqres&utm_medium=json&utm_campaign=referral","text":"Tired of writing endless social media content? Let Content Caddy generate it for you."}}
2025-07-05 18:28:23 [Debug] TestBase`1:LogDebug@80 -> OK
2025-07-05 18:28:23 [Debug] TestBase`1:LogDebug@81 -> {
  "Page": 2,
  "Total": 12,
  "Data": [
    {
      "Id": 7,
      "Email": "michael.lawson@reqres.in",
      "FirstName": "Michael",
      "LastName": "Lawson",
      "Avatar": "https://reqres.in/img/faces/7-image.jpg"
    },
    {
      "Id": 8,
      "Email": "lindsay.ferguson@reqres.in",
      "FirstName": "Lindsay",
      "LastName": "Ferguson",
      "Avatar": "https://reqres.in/img/faces/8-image.jpg"
    },
    {
      "Id": 9,
      "Email": "tobias.funke@reqres.in",
      "FirstName": "Tobias",
      "LastName": "Funke",
      "Avatar": "https://reqres.in/img/faces/9-image.jpg"
    },
    {
      "Id": 10,
      "Email": "byron.fields@reqres.in",
      "FirstName": "Byron",
      "LastName": "Fields",
      "Avatar": "https://reqres.in/img/faces/10-image.jpg"
    },
    {
      "Id": 11,
      "Email": "george.edwards@reqres.in",
      "FirstName": "George",
      "LastName": "Edwards",
      "Avatar": "https://reqres.in/img/faces/11-image.jpg"
    },
    {
      "Id": 12,
      "Email": "rachel.howell@reqres.in",
      "FirstName": "Rachel",
      "LastName": "Howell",
      "Avatar": "https://reqres.in/img/faces/12-image.jpg"
    }
  ]
}
2025-07-05 18:28:23 [Debug] TestBase`1:LogDebug@84 -> Full Request URL: https://reqres.in/api/users?page=2
2025-07-05 18:28:23 [Debug] TestBase`1:LogDebug@79 -> Raw response: {"error":"Missing password"}
2025-07-05 18:28:23 [Debug] TestBase`1:LogDebug@80 -> BadRequest
2025-07-05 18:28:23 [Debug] TestBase`1:LogDebug@81 -> {
  "Error": "Missing password"
}
2025-07-05 18:28:23 [Debug] TestBase`1:LogDebug@84 -> Full Request URL: https://reqres.in/api/register
2025-07-05 18:28:23 [Debug] TestBase`1:Post@40 -> {
  "email": "eve.holt@reqres.in",
  "password": "pistol"
}
2025-07-05 18:28:23 [Debug] TestBase`1:LogDebug@79 -> Raw response: {}
2025-07-05 18:28:23 [Debug] TestBase`1:LogDebug@80 -> NotFound
2025-07-05 18:28:23 [Debug] TestBase`1:LogDebug@81 -> {
  "ValueKind": 1
}
2025-07-05 18:28:23 [Debug] TestBase`1:LogDebug@84 -> Full Request URL: https://reqres.in/api/users/23
2025-07-05 18:28:23 [Debug] TestBase`1:LogDebug@79 -> Raw response: {"id":4,"token":"QpwL5tke4Pnpja7X4"}
2025-07-05 18:28:23 [Debug] TestBase`1:LogDebug@80 -> OK
2025-07-05 18:28:23 [Debug] TestBase`1:LogDebug@81 -> {
  "Id": 4,
  "Token": "QpwL5tke4Pnpja7X4"
}
2025-07-05 18:28:23 [Debug] TestBase`1:LogDebug@84 -> Full Request URL: https://reqres.in/api/register
2025-07-05 18:28:24 [Debug] TestBase`1:LogDebug@79 -> Raw response: {"data":{"id":4,"email":"eve.holt@reqres.in","first_name":"Eve","last_name":"Holt","avatar":"https://reqres.in/img/faces/4-image.jpg"},"support":{"url":"https://contentcaddy.io?utm_source=reqres&utm_medium=json&utm_campaign=referral","text":"Tired of writing endless social media content? Let Content Caddy generate it for you."}}
2025-07-05 18:28:24 [Debug] TestBase`1:LogDebug@80 -> OK
2025-07-05 18:28:24 [Debug] TestBase`1:LogDebug@81 -> {
  "Data": {
    "Id": 4,
    "Email": "eve.holt@reqres.in",
    "FirstName": "Eve",
    "LastName": "Holt",
    "Avatar": "https://reqres.in/img/faces/4-image.jpg"
  }
}
2025-07-05 18:28:24 [Debug] TestBase`1:LogDebug@84 -> Full Request URL: https://reqres.in/api/users/4
2025-07-05 20:35:03 [Debug] TestBase`1:Post@40 -> {
  "email": "eve.holt@reqres.in"
}
2025-07-05 20:35:03 [Debug] TestBase`1:LogDebug@79 -> Raw response: {"page":2,"per_page":6,"total":12,"total_pages":2,"data":[{"id":7,"email":"michael.lawson@reqres.in","first_name":"Michael","last_name":"Lawson","avatar":"https://reqres.in/img/faces/7-image.jpg"},{"id":8,"email":"lindsay.ferguson@reqres.in","first_name":"Lindsay","last_name":"Ferguson","avatar":"https://reqres.in/img/faces/8-image.jpg"},{"id":9,"email":"tobias.funke@reqres.in","first_name":"Tobias","last_name":"Funke","avatar":"https://reqres.in/img/faces/9-image.jpg"},{"id":10,"email":"byron.fields@reqres.in","first_name":"Byron","last_name":"Fields","avatar":"https://reqres.in/img/faces/10-image.jpg"},{"id":11,"email":"george.edwards@reqres.in","first_name":"George","last_name":"Edwards","avatar":"https://reqres.in/img/faces/11-image.jpg"},{"id":12,"email":"rachel.howell@reqres.in","first_name":"Rachel","last_name":"Howell","avatar":"https://reqres.in/img/faces/12-image.jpg"}],"support":{"url":"https://contentcaddy.io?utm_source=reqres&utm_medium=json&utm_campaign=referral","text":"Tired of writing endless social media content? Let Content Caddy generate it for you."}}
2025-07-05 20:35:03 [Debug] TestBase`1:LogDebug@80 -> OK
2025-07-05 20:35:03 [Debug] TestBase`1:LogDebug@81 -> {
  "Page": 2,
  "Total": 12,
  "Data": [
    {
      "Id": 7,
      "Email": "michael.lawson@reqres.in",
      "FirstName": "Michael",
      "LastName": "Lawson",
      "Avatar": "https://reqres.in/img/faces/7-image.jpg"
    },
    {
      "Id": 8,
      "Email": "lindsay.ferguson@reqres.in",
      "FirstName": "Lindsay",
      "LastName": "Ferguson",
      "Avatar": "https://reqres.in/img/faces/8-image.jpg"
    },
    {
      "Id": 9,
      "Email": "tobias.funke@reqres.in",
      "FirstName": "Tobias",
      "LastName": "Funke",
      "Avatar": "https://reqres.in/img/faces/9-image.jpg"
    },
    {
      "Id": 10,
      "Email": "byron.fields@reqres.in",
      "FirstName": "Byron",
      "LastName": "Fields",
      "Avatar": "https://reqres.in/img/faces/10-image.jpg"
    },
    {
      "Id": 11,
      "Email": "george.edwards@reqres.in",
      "FirstName": "George",
      "LastName": "Edwards",
      "Avatar": "https://reqres.in/img/faces/11-image.jpg"
    },
    {
      "Id": 12,
      "Email": "rachel.howell@reqres.in",
      "FirstName": "Rachel",
      "LastName": "Howell",
      "Avatar": "https://reqres.in/img/faces/12-image.jpg"
    }
  ]
}
2025-07-05 20:35:03 [Debug] TestBase`1:LogDebug@84 -> Full Request URL: https://reqres.in/api/users?page=2
2025-07-05 20:35:03 [Debug] TestBase`1:LogDebug@79 -> Raw response: {"error":"Missing password"}
2025-07-05 20:35:03 [Debug] TestBase`1:LogDebug@80 -> BadRequest
2025-07-05 20:35:03 [Debug] TestBase`1:LogDebug@81 -> {
  "Error": "Missing password"
}
2025-07-05 20:35:03 [Debug] TestBase`1:LogDebug@84 -> Full Request URL: https://reqres.in/api/register
2025-07-05 20:35:03 [Debug] TestBase`1:Post@40 -> {
  "email": "eve.holt@reqres.in",
  "password": "pistol"
}
2025-07-05 20:35:04 [Debug] TestBase`1:LogDebug@79 -> Raw response: {}
2025-07-05 20:35:04 [Debug] TestBase`1:LogDebug@80 -> NotFound
2025-07-05 20:35:04 [Debug] TestBase`1:LogDebug@79 -> Raw response: {"id":4,"token":"QpwL5tke4Pnpja7X4"}
2025-07-05 20:35:04 [Debug] TestBase`1:LogDebug@80 -> OK
2025-07-05 20:35:04 [Debug] TestBase`1:LogDebug@84 -> Full Request URL: https://reqres.in/api/users/23
2025-07-05 20:35:04 [Debug] TestBase`1:LogDebug@84 -> Full Request URL: https://reqres.in/api/register
2025-07-05 20:35:04 [Debug] TestBase`1:LogDebug@79 -> Raw response: {"data":{"id":4,"email":"eve.holt@reqres.in","first_name":"Eve","last_name":"Holt","avatar":"https://reqres.in/img/faces/4-image.jpg"},"support":{"url":"https://contentcaddy.io?utm_source=reqres&utm_medium=json&utm_campaign=referral","text":"Tired of writing endless social media content? Let Content Caddy generate it for you."}}
2025-07-05 20:35:04 [Debug] TestBase`1:LogDebug@80 -> OK
2025-07-05 20:35:04 [Debug] TestBase`1:LogDebug@81 -> {
  "Data": {
    "Id": 4,
    "Email": "eve.holt@reqres.in",
    "FirstName": "Eve",
    "LastName": "Holt",
    "Avatar": "https://reqres.in/img/faces/4-image.jpg"
  }
}
2025-07-05 20:35:04 [Debug] TestBase`1:LogDebug@84 -> Full Request URL: https://reqres.in/api/users/4
2025-07-05 20:40:40 [Debug] TestBase`1:LogDebug@79 -> Raw response: {}
2025-07-05 20:40:40 [Debug] TestBase`1:LogDebug@80 -> NotFound
2025-07-05 20:40:40 [Debug] TestBase`1:LogDebug@81 -> {
  "ValueKind": 1
}
2025-07-05 20:40:40 [Debug] TestBase`1:LogDebug@84 -> Full Request URL: https://reqres.in/api/users/23
2025-07-05 20:40:40 [Debug] TestBase`1:LogDebug@79 -> Raw response: {"page":2,"per_page":6,"total":12,"total_pages":2,"data":[{"id":7,"email":"michael.lawson@reqres.in","first_name":"Michael","last_name":"Lawson","avatar":"https://reqres.in/img/faces/7-image.jpg"},{"id":8,"email":"lindsay.ferguson@reqres.in","first_name":"Lindsay","last_name":"Ferguson","avatar":"https://reqres.in/img/faces/8-image.jpg"},{"id":9,"email":"tobias.funke@reqres.in","first_name":"Tobias","last_name":"Funke","avatar":"https://reqres.in/img/faces/9-image.jpg"},{"id":10,"email":"byron.fields@reqres.in","first_name":"Byron","last_name":"Fields","avatar":"https://reqres.in/img/faces/10-image.jpg"},{"id":11,"email":"george.edwards@reqres.in","first_name":"George","last_name":"Edwards","avatar":"https://reqres.in/img/faces/11-image.jpg"},{"id":12,"email":"rachel.howell@reqres.in","first_name":"Rachel","last_name":"Howell","avatar":"https://reqres.in/img/faces/12-image.jpg"}],"support":{"url":"https://contentcaddy.io?utm_source=reqres&utm_medium=json&utm_campaign=referral","text":"Tired of writing endless social media content? Let Content Caddy generate it for you."}}
2025-07-05 20:40:40 [Debug] TestBase`1:LogDebug@80 -> OK
2025-07-05 20:40:40 [Debug] TestBase`1:LogDebug@81 -> {
  "Page": 2,
  "Total": 12,
  "Data": [
    {
      "Id": 7,
      "Email": "michael.lawson@reqres.in",
      "FirstName": "Michael",
      "LastName": "Lawson",
      "Avatar": "https://reqres.in/img/faces/7-image.jpg"
    },
    {
      "Id": 8,
      "Email": "lindsay.ferguson@reqres.in",
      "FirstName": "Lindsay",
      "LastName": "Ferguson",
      "Avatar": "https://reqres.in/img/faces/8-image.jpg"
    },
    {
      "Id": 9,
      "Email": "tobias.funke@reqres.in",
      "FirstName": "Tobias",
      "LastName": "Funke",
      "Avatar": "https://reqres.in/img/faces/9-image.jpg"
    },
    {
      "Id": 10,
      "Email": "byron.fields@reqres.in",
      "FirstName": "Byron",
      "LastName": "Fields",
      "Avatar": "https://reqres.in/img/faces/10-image.jpg"
    },
    {
      "Id": 11,
      "Email": "george.edwards@reqres.in",
      "FirstName": "George",
      "LastName": "Edwards",
      "Avatar": "https://reqres.in/img/faces/11-image.jpg"
    },
    {
      "Id": 12,
      "Email": "rachel.howell@reqres.in",
      "FirstName": "Rachel",
      "LastName": "Howell",
      "Avatar": "https://reqres.in/img/faces/12-image.jpg"
    }
  ]
}
2025-07-05 20:40:40 [Debug] TestBase`1:LogDebug@84 -> Full Request URL: https://reqres.in/api/users?page=2
2025-07-05 20:40:44 [Debug] TestBase`1:Post@40 -> {
  "email": "eve.holt@reqres.in"
}
2025-07-05 20:40:44 [Debug] TestBase`1:LogDebug@79 -> Raw response: {"error":"Missing password"}
2025-07-05 20:40:44 [Debug] TestBase`1:LogDebug@80 -> BadRequest
2025-07-05 20:40:44 [Debug] TestBase`1:LogDebug@81 -> {
  "Error": "Missing password"
}
2025-07-05 20:40:44 [Debug] TestBase`1:LogDebug@84 -> Full Request URL: https://reqres.in/api/register
2025-07-05 20:40:44 [Debug] TestBase`1:Post@40 -> {
  "email": "eve.holt@reqres.in",
  "password": "pistol"
}
2025-07-05 20:40:45 [Debug] TestBase`1:LogDebug@79 -> Raw response: {"id":4,"token":"QpwL5tke4Pnpja7X4"}
2025-07-05 20:40:45 [Debug] TestBase`1:LogDebug@80 -> OK
2025-07-05 20:40:45 [Debug] TestBase`1:LogDebug@81 -> {
  "Id": 4,
  "Token": "QpwL5tke4Pnpja7X4"
}
2025-07-05 20:40:45 [Debug] TestBase`1:LogDebug@84 -> Full Request URL: https://reqres.in/api/register
2025-07-05 20:40:45 [Debug] TestBase`1:LogDebug@79 -> Raw response: {"data":{"id":4,"email":"eve.holt@reqres.in","first_name":"Eve","last_name":"Holt","avatar":"https://reqres.in/img/faces/4-image.jpg"},"support":{"url":"https://contentcaddy.io?utm_source=reqres&utm_medium=json&utm_campaign=referral","text":"Tired of writing endless social media content? Let Content Caddy generate it for you."}}
2025-07-05 20:40:45 [Debug] TestBase`1:LogDebug@80 -> OK
2025-07-05 20:40:45 [Debug] TestBase`1:LogDebug@81 -> {
  "Data": {
    "Id": 4,
    "Email": "eve.holt@reqres.in",
    "FirstName": "Eve",
    "LastName": "Holt",
    "Avatar": "https://reqres.in/img/faces/4-image.jpg"
  }
}
2025-07-05 20:40:45 [Debug] TestBase`1:LogDebug@84 -> Full Request URL: https://reqres.in/api/users/4
2025-07-05 20:54:58 [Debug] TestBase`1:LogDebug@79 -> Raw response: {}
2025-07-05 20:54:58 [Debug] TestBase`1:LogDebug@80 -> NotFound
2025-07-05 20:54:58 [Debug] TestBase`1:LogDebug@81 -> {
  "ValueKind": 1
}
2025-07-05 20:54:58 [Debug] TestBase`1:LogDebug@84 -> Full Request URL: https://reqres.in/api/users/23
2025-07-05 20:55:14 [Debug] TestBase`1:LogDebug@79 -> Raw response: {"page":2,"per_page":6,"total":12,"total_pages":2,"data":[{"id":7,"email":"michael.lawson@reqres.in","first_name":"Michael","last_name":"Lawson","avatar":"https://reqres.in/img/faces/7-image.jpg"},{"id":8,"email":"lindsay.ferguson@reqres.in","first_name":"Lindsay","last_name":"Ferguson","avatar":"https://reqres.in/img/faces/8-image.jpg"},{"id":9,"email":"tobias.funke@reqres.in","first_name":"Tobias","last_name":"Funke","avatar":"https://reqres.in/img/faces/9-image.jpg"},{"id":10,"email":"byron.fields@reqres.in","first_name":"Byron","last_name":"Fields","avatar":"https://reqres.in/img/faces/10-image.jpg"},{"id":11,"email":"george.edwards@reqres.in","first_name":"George","last_name":"Edwards","avatar":"https://reqres.in/img/faces/11-image.jpg"},{"id":12,"email":"rachel.howell@reqres.in","first_name":"Rachel","last_name":"Howell","avatar":"https://reqres.in/img/faces/12-image.jpg"}],"support":{"url":"https://contentcaddy.io?utm_source=reqres&utm_medium=json&utm_campaign=referral","text":"Tired of writing endless social media content? Let Content Caddy generate it for you."}}
2025-07-05 20:55:14 [Debug] TestBase`1:LogDebug@80 -> OK
2025-07-05 20:55:14 [Debug] TestBase`1:LogDebug@81 -> {
  "Page": 2,
  "Total": 12,
  "Data": [
    {
      "Id": 7,
      "Email": "michael.lawson@reqres.in",
      "FirstName": "Michael",
      "LastName": "Lawson",
      "Avatar": "https://reqres.in/img/faces/7-image.jpg"
    },
    {
      "Id": 8,
      "Email": "lindsay.ferguson@reqres.in",
      "FirstName": "Lindsay",
      "LastName": "Ferguson",
      "Avatar": "https://reqres.in/img/faces/8-image.jpg"
    },
    {
      "Id": 9,
      "Email": "tobias.funke@reqres.in",
      "FirstName": "Tobias",
      "LastName": "Funke",
      "Avatar": "https://reqres.in/img/faces/9-image.jpg"
    },
    {
      "Id": 10,
      "Email": "byron.fields@reqres.in",
      "FirstName": "Byron",
      "LastName": "Fields",
      "Avatar": "https://reqres.in/img/faces/10-image.jpg"
    },
    {
      "Id": 11,
      "Email": "george.edwards@reqres.in",
      "FirstName": "George",
      "LastName": "Edwards",
      "Avatar": "https://reqres.in/img/faces/11-image.jpg"
    },
    {
      "Id": 12,
      "Email": "rachel.howell@reqres.in",
      "FirstName": "Rachel",
      "LastName": "Howell",
      "Avatar": "https://reqres.in/img/faces/12-image.jpg"
    }
  ]
}
2025-07-05 20:55:14 [Debug] TestBase`1:LogDebug@84 -> Full Request URL: https://reqres.in/api/users?page=2
2025-07-05 20:55:24 [Debug] TestBase`1:Post@40 -> {
  "email": "eve.holt@reqres.in",
  "password": "pistol"
}
2025-07-05 20:55:24 [Debug] TestBase`1:LogDebug@79 -> Raw response: {"id":4,"token":"QpwL5tke4Pnpja7X4"}
2025-07-05 20:55:24 [Debug] TestBase`1:LogDebug@80 -> OK
2025-07-05 20:55:24 [Debug] TestBase`1:LogDebug@81 -> {
  "Id": 4,
  "Token": "QpwL5tke4Pnpja7X4"
}
2025-07-05 20:55:24 [Debug] TestBase`1:LogDebug@84 -> Full Request URL: https://reqres.in/api/register
2025-07-05 20:55:25 [Debug] TestBase`1:LogDebug@79 -> Raw response: {"data":{"id":4,"email":"eve.holt@reqres.in","first_name":"Eve","last_name":"Holt","avatar":"https://reqres.in/img/faces/4-image.jpg"},"support":{"url":"https://contentcaddy.io?utm_source=reqres&utm_medium=json&utm_campaign=referral","text":"Tired of writing endless social media content? Let Content Caddy generate it for you."}}
2025-07-05 20:55:25 [Debug] TestBase`1:LogDebug@80 -> OK
2025-07-05 20:55:25 [Debug] TestBase`1:LogDebug@81 -> {
  "Data": {
    "Id": 4,
    "Email": "eve.holt@reqres.in",
    "FirstName": "Eve",
    "LastName": "Holt",
    "Avatar": "https://reqres.in/img/faces/4-image.jpg"
  }
}
2025-07-05 20:55:25 [Debug] TestBase`1:LogDebug@84 -> Full Request URL: https://reqres.in/api/users/4
2025-07-05 20:55:25 [Debug] TestBase`1:Post@40 -> {
  "email": "eve.holt@reqres.in"
}
2025-07-05 20:55:25 [Debug] TestBase`1:LogDebug@79 -> Raw response: {"error":"Missing password"}
2025-07-05 20:55:25 [Debug] TestBase`1:LogDebug@80 -> BadRequest
2025-07-05 20:55:25 [Debug] TestBase`1:LogDebug@81 -> {
  "Error": "Missing password"
}
2025-07-05 20:55:25 [Debug] TestBase`1:LogDebug@84 -> Full Request URL: https://reqres.in/api/register
